[1.598s] Invoking command in '/home/khuluq/Projects/hayagodrone': PYTHONPATH=/home/khuluq/Projects/hayagodrone/build/hayagodrone/prefix_override:/home/khuluq/Projects/hayagodrone/install/hayagodrone/lib/python3.8/site-packages:${PYTHONPATH} /usr/bin/python3 setup.py egg_info --egg-base build/hayagodrone build --build-base /home/khuluq/Projects/hayagodrone/build/hayagodrone/build install --record /home/khuluq/Projects/hayagodrone/build/hayagodrone/install.log --install-scripts $base/lib/hayagodrone --single-version-externally-managed
[2.122s] running egg_info
[2.123s] writing build/hayagodrone/hayagodrone.egg-info/PKG-INFO
[2.123s] writing dependency_links to build/hayagodrone/hayagodrone.egg-info/dependency_links.txt
[2.124s] writing entry points to build/hayagodrone/hayagodrone.egg-info/entry_points.txt
[2.124s] writing requirements to build/hayagodrone/hayagodrone.egg-info/requires.txt
[2.124s] writing top-level names to build/hayagodrone/hayagodrone.egg-info/top_level.txt
[2.205s] reading manifest file 'build/hayagodrone/hayagodrone.egg-info/SOURCES.txt'
[2.207s] writing manifest file 'build/hayagodrone/hayagodrone.egg-info/SOURCES.txt'
[2.207s] running build
[2.207s] running build_py
[2.208s] running install
[2.209s] running install_lib
[2.212s] running install_data
[2.213s] running install_egg_info
[2.217s] removing '/home/khuluq/Projects/hayagodrone/install/hayagodrone/lib/python3.8/site-packages/hayagodrone-0.0.0-py3.8.egg-info' (and everything under it)
[2.218s] Copying build/hayagodrone/hayagodrone.egg-info to /home/khuluq/Projects/hayagodrone/install/hayagodrone/lib/python3.8/site-packages/hayagodrone-0.0.0-py3.8.egg-info
[2.221s] running install_scripts
[2.257s] writing list of installed files to '/home/khuluq/Projects/hayagodrone/build/hayagodrone/install.log'
[2.302s] Invoked command in '/home/khuluq/Projects/hayagodrone' returned '0': PYTHONPATH=/home/khuluq/Projects/hayagodrone/build/hayagodrone/prefix_override:/home/khuluq/Projects/hayagodrone/install/hayagodrone/lib/python3.8/site-packages:${PYTHONPATH} /usr/bin/python3 setup.py egg_info --egg-base build/hayagodrone build --build-base /home/khuluq/Projects/hayagodrone/build/hayagodrone/build install --record /home/khuluq/Projects/hayagodrone/build/hayagodrone/install.log --install-scripts $base/lib/hayagodrone --single-version-externally-managed
