[1.757s] Invoking command in '/home/khuluq/Projects/hayagodrone': PYTHONPATH=/home/khuluq/Projects/hayagodrone/build/hayagodrone/prefix_override:/home/khuluq/Projects/hayagodrone/install/hayagodrone/lib/python3.8/site-packages:${PYTHONPATH} /usr/bin/python3 setup.py egg_info --egg-base build/hayagodrone build --build-base /home/khuluq/Projects/hayagodrone/build/hayagodrone/build install --record /home/khuluq/Projects/hayagodrone/build/hayagodrone/install.log --install-scripts $base/lib/hayagodrone --single-version-externally-managed
[2.333s] running egg_info
[2.334s] creating build/hayagodrone/hayagodrone.egg-info
[2.335s] writing build/hayagodrone/hayagodrone.egg-info/PKG-INFO
[2.335s] writing dependency_links to build/hayagodrone/hayagodrone.egg-info/dependency_links.txt
[2.336s] writing entry points to build/hayagodrone/hayagodrone.egg-info/entry_points.txt
[2.336s] writing requirements to build/hayagodrone/hayagodrone.egg-info/requires.txt
[2.336s] writing top-level names to build/hayagodrone/hayagodrone.egg-info/top_level.txt
[2.352s] writing manifest file 'build/hayagodrone/hayagodrone.egg-info/SOURCES.txt'
[2.418s] reading manifest file 'build/hayagodrone/hayagodrone.egg-info/SOURCES.txt'
[2.419s] writing manifest file 'build/hayagodrone/hayagodrone.egg-info/SOURCES.txt'
[2.420s] running build
[2.420s] running build_py
[2.420s] creating /home/khuluq/Projects/hayagodrone/build/hayagodrone/build
[2.420s] creating /home/khuluq/Projects/hayagodrone/build/hayagodrone/build/lib
[2.420s] creating /home/khuluq/Projects/hayagodrone/build/hayagodrone/build/lib/hayagodrone
[2.420s] copying hayagodrone/__init__.py -> /home/khuluq/Projects/hayagodrone/build/hayagodrone/build/lib/hayagodrone
[2.421s] running install
[2.422s] running install_lib
[2.424s] creating /home/khuluq/Projects/hayagodrone/install/hayagodrone/lib/python3.8/site-packages/hayagodrone
[2.424s] copying /home/khuluq/Projects/hayagodrone/build/hayagodrone/build/lib/hayagodrone/__init__.py -> /home/khuluq/Projects/hayagodrone/install/hayagodrone/lib/python3.8/site-packages/hayagodrone
[2.425s] byte-compiling /home/khuluq/Projects/hayagodrone/install/hayagodrone/lib/python3.8/site-packages/hayagodrone/__init__.py to __init__.cpython-38.pyc
[2.428s] running install_data
[2.429s] creating /home/khuluq/Projects/hayagodrone/install/hayagodrone/share
[2.429s] creating /home/khuluq/Projects/hayagodrone/install/hayagodrone/share/ament_index
[2.429s] creating /home/khuluq/Projects/hayagodrone/install/hayagodrone/share/ament_index/resource_index
[2.430s] creating /home/khuluq/Projects/hayagodrone/install/hayagodrone/share/ament_index/resource_index/packages
[2.430s] copying resource/hayagodrone -> /home/khuluq/Projects/hayagodrone/install/hayagodrone/share/ament_index/resource_index/packages
[2.430s] creating /home/khuluq/Projects/hayagodrone/install/hayagodrone/share/hayagodrone
[2.430s] copying package.xml -> /home/khuluq/Projects/hayagodrone/install/hayagodrone/share/hayagodrone
[2.430s] running install_egg_info
[2.432s] Copying build/hayagodrone/hayagodrone.egg-info to /home/khuluq/Projects/hayagodrone/install/hayagodrone/lib/python3.8/site-packages/hayagodrone-0.0.0-py3.8.egg-info
[2.435s] running install_scripts
[2.470s] writing list of installed files to '/home/khuluq/Projects/hayagodrone/build/hayagodrone/install.log'
[2.524s] Invoked command in '/home/khuluq/Projects/hayagodrone' returned '0': PYTHONPATH=/home/khuluq/Projects/hayagodrone/build/hayagodrone/prefix_override:/home/khuluq/Projects/hayagodrone/install/hayagodrone/lib/python3.8/site-packages:${PYTHONPATH} /usr/bin/python3 setup.py egg_info --egg-base build/hayagodrone build --build-base /home/khuluq/Projects/hayagodrone/build/hayagodrone/build install --record /home/khuluq/Projects/hayagodrone/build/hayagodrone/install.log --install-scripts $base/lib/hayagodrone --single-version-externally-managed
