[0.853s] DEBUG:colcon:Command line arguments: ['/usr/bin/colcon', 'build']
[0.853s] DEBUG:colcon:Parsed command line arguments: Namespace(allow_overriding=[], ament_cmake_args=None, base_paths=['.'], build_base='build', catkin_cmake_args=None, catkin_skip_building_tests=False, cmake_args=None, cmake_clean_cache=False, cmake_clean_first=False, cmake_force_configure=False, cmake_target=None, cmake_target_skip_unavailable=False, continue_on_error=False, event_handlers=None, executor='parallel', ignore_user_meta=False, install_base='install', log_base=None, log_level=None, main=<bound method BuildVerb.main of <colcon_core.verb.build.BuildVerb object at 0x7f2fce9a6160>>, merge_install=False, metas=['./colcon.meta'], packages_above=None, packages_above_and_dependencies=None, packages_above_depth=None, packages_end=None, packages_ignore=None, packages_ignore_regex=None, packages_select=None, packages_select_build_failed=False, packages_select_by_dep=None, packages_select_regex=None, packages_select_test_failures=False, packages_skip=None, packages_skip_build_finished=False, packages_skip_by_dep=None, packages_skip_regex=None, packages_skip_test_passed=False, packages_skip_up_to=None, packages_start=None, packages_up_to=None, packages_up_to_regex=None, parallel_workers=4, paths=None, symlink_install=False, test_result_base=None, verb_extension=<colcon_core.verb.build.BuildVerb object at 0x7f2fce9a6160>, verb_name='build', verb_parser=<colcon_defaults.argument_parser.defaults.DefaultArgumentsDecorator object at 0x7f2fce9a66a0>)
[0.948s] Level 1:colcon.colcon_core.package_discovery:discover_packages(colcon_meta) check parameters
[0.949s] Level 1:colcon.colcon_core.package_discovery:discover_packages(recursive) check parameters
[0.949s] Level 1:colcon.colcon_core.package_discovery:discover_packages(ignore) check parameters
[0.949s] Level 1:colcon.colcon_core.package_discovery:discover_packages(path) check parameters
[0.949s] Level 1:colcon.colcon_core.package_discovery:discover_packages(colcon_meta) discover
[0.949s] Level 1:colcon.colcon_core.package_discovery:discover_packages(recursive) discover
[0.949s] INFO:colcon.colcon_core.package_discovery:Crawling recursively for packages in '/home/khuluq/Projects/hayagodrone'
[0.949s] Level 1:colcon.colcon_core.package_identification:_identify(.) by extensions ['ignore', 'ignore_ament_install']
[0.949s] Level 1:colcon.colcon_core.package_identification:_identify(.) by extension 'ignore'
[0.950s] Level 1:colcon.colcon_core.package_identification:_identify(.) by extension 'ignore_ament_install'
[0.950s] Level 1:colcon.colcon_core.package_identification:_identify(.) by extensions ['colcon_pkg']
[0.950s] Level 1:colcon.colcon_core.package_identification:_identify(.) by extension 'colcon_pkg'
[0.950s] Level 1:colcon.colcon_core.package_identification:_identify(.) by extensions ['colcon_meta']
[0.950s] Level 1:colcon.colcon_core.package_identification:_identify(.) by extension 'colcon_meta'
[0.950s] Level 1:colcon.colcon_core.package_identification:_identify(.) by extensions ['ros']
[0.950s] Level 1:colcon.colcon_core.package_identification:_identify(.) by extension 'ros'
[0.986s] DEBUG:colcon.colcon_core.package_identification:Found ROS schema reference in package manifest in '.'
[0.987s] WARNING:colcon.colcon_core.package_identification:Failed to parse ROS package manifest in '.': Error(s) in package './package.xml':
Invalid email "=" for person "khuluq"
[0.987s] Level 1:colcon.colcon_core.package_identification:_identify(.) by extensions ['cmake', 'python']
[0.987s] Level 1:colcon.colcon_core.package_identification:_identify(.) by extension 'cmake'
[0.987s] Level 1:colcon.colcon_core.package_identification:_identify(.) by extension 'python'
[0.988s] DEBUG:colcon.colcon_core.package_identification:Python package in '.' passes arguments to the setup() function which requires a different identification extension than 'python'
[0.988s] Level 1:colcon.colcon_core.package_identification:_identify(.) by extensions ['python_setup_py']
[0.988s] Level 1:colcon.colcon_core.package_identification:_identify(.) by extension 'python_setup_py'
[1.541s] DEBUG:colcon.colcon_core.package_identification:Package '.' with type 'python' and name 'hayagodrone'
[1.541s] Level 1:colcon.colcon_core.package_discovery:discover_packages(recursive) using defaults
[1.542s] Level 1:colcon.colcon_core.package_discovery:discover_packages(ignore) discover
[1.542s] Level 1:colcon.colcon_core.package_discovery:discover_packages(ignore) using defaults
[1.542s] Level 1:colcon.colcon_core.package_discovery:discover_packages(path) discover
[1.542s] Level 1:colcon.colcon_core.package_discovery:discover_packages(path) using defaults
[1.597s] Level 1:colcon.colcon_core.package_discovery:discover_packages(prefix_path) check parameters
[1.598s] Level 1:colcon.colcon_core.package_discovery:discover_packages(prefix_path) discover
[1.606s] DEBUG:colcon.colcon_installed_package_information.package_discovery:Found 5 installed packages in /home/khuluq/ros2_ws/install
[1.609s] DEBUG:colcon.colcon_installed_package_information.package_discovery:Found 6 installed packages in /home/khuluq/tello_ros_ws/install
[1.613s] DEBUG:colcon.colcon_installed_package_information.package_discovery:Found 296 installed packages in /opt/ros/foxy
[1.616s] Level 1:colcon.colcon_core.package_discovery:discover_packages(prefix_path) using defaults
[1.804s] Level 5:colcon.colcon_core.verb:set package 'hayagodrone' build argument 'cmake_args' from command line to 'None'
[1.805s] Level 5:colcon.colcon_core.verb:set package 'hayagodrone' build argument 'cmake_target' from command line to 'None'
[1.805s] Level 5:colcon.colcon_core.verb:set package 'hayagodrone' build argument 'cmake_target_skip_unavailable' from command line to 'False'
[1.805s] Level 5:colcon.colcon_core.verb:set package 'hayagodrone' build argument 'cmake_clean_cache' from command line to 'False'
[1.805s] Level 5:colcon.colcon_core.verb:set package 'hayagodrone' build argument 'cmake_clean_first' from command line to 'False'
[1.805s] Level 5:colcon.colcon_core.verb:set package 'hayagodrone' build argument 'cmake_force_configure' from command line to 'False'
[1.805s] Level 5:colcon.colcon_core.verb:set package 'hayagodrone' build argument 'ament_cmake_args' from command line to 'None'
[1.805s] Level 5:colcon.colcon_core.verb:set package 'hayagodrone' build argument 'catkin_cmake_args' from command line to 'None'
[1.805s] Level 5:colcon.colcon_core.verb:set package 'hayagodrone' build argument 'catkin_skip_building_tests' from command line to 'False'
[1.805s] DEBUG:colcon.colcon_core.verb:Building package 'hayagodrone' with the following arguments: {'ament_cmake_args': None, 'build_base': '/home/khuluq/Projects/hayagodrone/build/hayagodrone', 'catkin_cmake_args': None, 'catkin_skip_building_tests': False, 'cmake_args': None, 'cmake_clean_cache': False, 'cmake_clean_first': False, 'cmake_force_configure': False, 'cmake_target': None, 'cmake_target_skip_unavailable': False, 'install_base': '/home/khuluq/Projects/hayagodrone/install/hayagodrone', 'merge_install': False, 'path': '/home/khuluq/Projects/hayagodrone', 'symlink_install': False, 'test_result_base': None}
[1.806s] INFO:colcon.colcon_core.executor:Executing jobs using 'parallel' executor
[1.813s] DEBUG:colcon.colcon_parallel_executor.executor.parallel:run_until_complete
[1.813s] INFO:colcon.colcon_core.task.python.build:Building Python package in '/home/khuluq/Projects/hayagodrone'
[1.827s] INFO:colcon.colcon_core.plugin_system:Skipping extension 'colcon_core.shell.bat': Not used on non-Windows systems
[1.828s] INFO:colcon.colcon_core.shell:Skip shell extension 'powershell' for command environment: Not usable outside of PowerShell
[1.828s] DEBUG:colcon.colcon_core.shell:Skip shell extension 'dsv' for command environment
[3.573s] DEBUG:colcon.colcon_core.event_handler.log_command:Invoking command in '/home/khuluq/Projects/hayagodrone': PYTHONPATH=/home/khuluq/Projects/hayagodrone/build/hayagodrone/prefix_override:/home/khuluq/Projects/hayagodrone/install/hayagodrone/lib/python3.8/site-packages:${PYTHONPATH} /usr/bin/python3 setup.py egg_info --egg-base build/hayagodrone build --build-base /home/khuluq/Projects/hayagodrone/build/hayagodrone/build install --record /home/khuluq/Projects/hayagodrone/build/hayagodrone/install.log --install-scripts $base/lib/hayagodrone --single-version-externally-managed
[4.341s] DEBUG:colcon.colcon_core.event_handler.log_command:Invoked command in '/home/khuluq/Projects/hayagodrone' returned '0': PYTHONPATH=/home/khuluq/Projects/hayagodrone/build/hayagodrone/prefix_override:/home/khuluq/Projects/hayagodrone/install/hayagodrone/lib/python3.8/site-packages:${PYTHONPATH} /usr/bin/python3 setup.py egg_info --egg-base build/hayagodrone build --build-base /home/khuluq/Projects/hayagodrone/build/hayagodrone/build install --record /home/khuluq/Projects/hayagodrone/build/hayagodrone/install.log --install-scripts $base/lib/hayagodrone --single-version-externally-managed
[4.357s] Level 1:colcon.colcon_core.environment:checking '/home/khuluq/Projects/hayagodrone/install/hayagodrone' for CMake module files
[4.358s] Level 1:colcon.colcon_core.environment:checking '/home/khuluq/Projects/hayagodrone/install/hayagodrone' for CMake config files
[4.359s] Level 1:colcon.colcon_core.environment:checking '/home/khuluq/Projects/hayagodrone/install/hayagodrone/lib'
[4.360s] Level 1:colcon.colcon_core.environment:checking '/home/khuluq/Projects/hayagodrone/install/hayagodrone/bin'
[4.360s] Level 1:colcon.colcon_core.environment:checking '/home/khuluq/Projects/hayagodrone/install/hayagodrone/lib/pkgconfig/hayagodrone.pc'
[4.361s] Level 1:colcon.colcon_core.environment:checking '/home/khuluq/Projects/hayagodrone/install/hayagodrone/lib/python3.8/site-packages'
[4.361s] Level 1:colcon.colcon_core.shell:create_environment_hook('hayagodrone', 'pythonpath')
[4.363s] INFO:colcon.colcon_core.shell:Creating environment hook '/home/khuluq/Projects/hayagodrone/install/hayagodrone/share/hayagodrone/hook/pythonpath.ps1'
[4.365s] INFO:colcon.colcon_core.shell:Creating environment descriptor '/home/khuluq/Projects/hayagodrone/install/hayagodrone/share/hayagodrone/hook/pythonpath.dsv'
[4.366s] INFO:colcon.colcon_core.shell:Creating environment hook '/home/khuluq/Projects/hayagodrone/install/hayagodrone/share/hayagodrone/hook/pythonpath.sh'
[4.368s] Level 1:colcon.colcon_core.environment:checking '/home/khuluq/Projects/hayagodrone/install/hayagodrone/bin'
[4.368s] Level 1:colcon.colcon_core.environment:create_environment_scripts_only(hayagodrone)
[4.371s] INFO:colcon.colcon_core.shell:Creating package script '/home/khuluq/Projects/hayagodrone/install/hayagodrone/share/hayagodrone/package.ps1'
[4.373s] INFO:colcon.colcon_core.shell:Creating package descriptor '/home/khuluq/Projects/hayagodrone/install/hayagodrone/share/hayagodrone/package.dsv'
[4.374s] INFO:colcon.colcon_core.shell:Creating package script '/home/khuluq/Projects/hayagodrone/install/hayagodrone/share/hayagodrone/package.sh'
[4.375s] INFO:colcon.colcon_core.shell:Creating package script '/home/khuluq/Projects/hayagodrone/install/hayagodrone/share/hayagodrone/package.bash'
[4.377s] INFO:colcon.colcon_core.shell:Creating package script '/home/khuluq/Projects/hayagodrone/install/hayagodrone/share/hayagodrone/package.zsh'
[4.379s] Level 1:colcon.colcon_core.environment:create_file_with_runtime_dependencies(/home/khuluq/Projects/hayagodrone/install/hayagodrone/share/colcon-core/packages/hayagodrone)
[4.379s] DEBUG:colcon.colcon_parallel_executor.executor.parallel:closing loop
[4.380s] DEBUG:colcon.colcon_parallel_executor.executor.parallel:loop closed
[4.380s] DEBUG:colcon.colcon_parallel_executor.executor.parallel:run_until_complete finished with '0'
[4.380s] DEBUG:colcon.colcon_core.event_reactor:joining thread
[4.392s] INFO:colcon.colcon_core.plugin_system:Skipping extension 'colcon_notification.desktop_notification.terminal_notifier': Not used on non-Darwin systems
[4.393s] INFO:colcon.colcon_core.plugin_system:Skipping extension 'colcon_notification.desktop_notification.win32': Not used on non-Windows systems
[4.393s] INFO:colcon.colcon_notification.desktop_notification:Sending desktop notification using 'notify2'
[4.426s] DEBUG:colcon.colcon_core.event_reactor:joined thread
[4.430s] INFO:colcon.colcon_core.shell:Creating prefix script '/home/khuluq/Projects/hayagodrone/install/local_setup.ps1'
[4.433s] INFO:colcon.colcon_core.shell:Creating prefix util module '/home/khuluq/Projects/hayagodrone/install/_local_setup_util_ps1.py'
[4.436s] INFO:colcon.colcon_core.shell:Creating prefix chain script '/home/khuluq/Projects/hayagodrone/install/setup.ps1'
[4.440s] INFO:colcon.colcon_core.shell:Creating prefix script '/home/khuluq/Projects/hayagodrone/install/local_setup.sh'
[4.441s] INFO:colcon.colcon_core.shell:Creating prefix util module '/home/khuluq/Projects/hayagodrone/install/_local_setup_util_sh.py'
[4.442s] INFO:colcon.colcon_core.shell:Creating prefix chain script '/home/khuluq/Projects/hayagodrone/install/setup.sh'
[4.445s] INFO:colcon.colcon_core.shell:Creating prefix script '/home/khuluq/Projects/hayagodrone/install/local_setup.bash'
[4.446s] INFO:colcon.colcon_core.shell:Creating prefix chain script '/home/khuluq/Projects/hayagodrone/install/setup.bash'
[4.450s] INFO:colcon.colcon_core.shell:Creating prefix script '/home/khuluq/Projects/hayagodrone/install/local_setup.zsh'
[4.451s] INFO:colcon.colcon_core.shell:Creating prefix chain script '/home/khuluq/Projects/hayagodrone/install/setup.zsh'
