[3.118s] DEBUG:colcon:Command line arguments: ['/usr/bin/colcon', 'list', '-p', '--base-paths', '/home/khuluq/Projects/hayagodrone']
[3.119s] DEBUG:colcon:Parsed command line arguments: Namespace(allow_overriding=[], base_paths=['/home/khuluq/Projects/hayagodrone'], build_base='build', ignore_user_meta=False, log_base=None, log_level=None, main=<bound method ListVerb.main of <colcon_package_information.verb.list.ListVerb object at 0x7fccb40b0d90>>, metas=['./colcon.meta'], names_only=False, packages_above=None, packages_above_and_dependencies=None, packages_above_depth=None, packages_end=None, packages_ignore=None, packages_ignore_regex=None, packages_select=None, packages_select_build_failed=False, packages_select_by_dep=None, packages_select_regex=None, packages_select_test_failures=False, packages_skip=None, packages_skip_build_finished=False, packages_skip_by_dep=None, packages_skip_regex=None, packages_skip_test_passed=False, packages_skip_up_to=None, packages_start=None, packages_up_to=None, packages_up_to_regex=None, paths=None, paths_only=True, topological_graph=False, topological_graph_density=False, topological_graph_dot=False, topological_graph_dot_cluster=False, topological_graph_dot_include_skipped=False, topological_graph_legend=False, topological_order=False, verb_extension=<colcon_package_information.verb.list.ListVerb object at 0x7fccb40b0d90>, verb_name='list', verb_parser=<colcon_defaults.argument_parser.defaults.DefaultArgumentsDecorator object at 0x7fccb3fc5ca0>)
[3.539s] Level 1:colcon.colcon_core.package_discovery:discover_packages(colcon_meta) check parameters
[3.539s] Level 1:colcon.colcon_core.package_discovery:discover_packages(recursive) check parameters
[3.539s] Level 1:colcon.colcon_core.package_discovery:discover_packages(ignore) check parameters
[3.539s] Level 1:colcon.colcon_core.package_discovery:discover_packages(path) check parameters
[3.539s] Level 1:colcon.colcon_core.package_discovery:discover_packages(recursive) discover
[3.540s] INFO:colcon.colcon_core.package_discovery:Crawling recursively for packages in '/home/khuluq/Projects/hayagodrone'
[3.544s] Level 1:colcon.colcon_core.package_identification:_identify(/home/khuluq/Projects/hayagodrone) by extensions ['ignore', 'ignore_ament_install']
[3.545s] Level 1:colcon.colcon_core.package_identification:_identify(/home/khuluq/Projects/hayagodrone) by extension 'ignore'
[3.545s] Level 1:colcon.colcon_core.package_identification:_identify(/home/khuluq/Projects/hayagodrone) by extension 'ignore_ament_install'
[3.545s] Level 1:colcon.colcon_core.package_identification:_identify(/home/khuluq/Projects/hayagodrone) by extensions ['colcon_pkg']
[3.545s] Level 1:colcon.colcon_core.package_identification:_identify(/home/khuluq/Projects/hayagodrone) by extension 'colcon_pkg'
[3.546s] Level 1:colcon.colcon_core.package_identification:_identify(/home/khuluq/Projects/hayagodrone) by extensions ['colcon_meta']
[3.546s] Level 1:colcon.colcon_core.package_identification:_identify(/home/khuluq/Projects/hayagodrone) by extension 'colcon_meta'
[3.546s] Level 1:colcon.colcon_core.package_identification:_identify(/home/khuluq/Projects/hayagodrone) by extensions ['ros']
[3.546s] Level 1:colcon.colcon_core.package_identification:_identify(/home/khuluq/Projects/hayagodrone) by extension 'ros'
[3.748s] DEBUG:colcon.colcon_core.package_identification:Found ROS schema reference in package manifest in '/home/khuluq/Projects/hayagodrone'
[3.749s] WARNING:colcon.colcon_core.package_identification:Failed to parse ROS package manifest in '/home/khuluq/Projects/hayagodrone': Error(s) in package '/home/khuluq/Projects/hayagodrone/package.xml':
Invalid email "=" for person "khuluq"
[3.749s] Level 1:colcon.colcon_core.package_identification:_identify(/home/khuluq/Projects/hayagodrone) by extensions ['cmake', 'python']
[3.749s] Level 1:colcon.colcon_core.package_identification:_identify(/home/khuluq/Projects/hayagodrone) by extension 'cmake'
[3.749s] Level 1:colcon.colcon_core.package_identification:_identify(/home/khuluq/Projects/hayagodrone) by extension 'python'
[3.750s] DEBUG:colcon.colcon_core.package_identification:Python package in '/home/khuluq/Projects/hayagodrone' passes arguments to the setup() function which requires a different identification extension than 'python'
[3.750s] Level 1:colcon.colcon_core.package_identification:_identify(/home/khuluq/Projects/hayagodrone) by extensions ['python_setup_py']
[3.750s] Level 1:colcon.colcon_core.package_identification:_identify(/home/khuluq/Projects/hayagodrone) by extension 'python_setup_py'
[5.299s] DEBUG:colcon.colcon_core.package_identification:Package '/home/khuluq/Projects/hayagodrone' with type 'python' and name 'hayagodrone'
[5.299s] Level 1:colcon.colcon_core.package_discovery:discover_packages(recursive) using defaults
